TN:
SF:script/Counter.s.sol
FN:10,CounterScript.setUp
FNDA:0,CounterScript.setUp
FN:12,CounterScript.run
FNDA:0,CounterScript.run
DA:13,0
DA:17,0
FNF:2
FNH:0
LF:2
LH:0
BRF:0
BRH:0
end_of_record
TN:
SF:src/NftStreaming.sol
FN:77,NftStreaming.
FNDA:0,NftStreaming.
DA:82,0
DA:84,0
DA:85,0
DA:87,0
DA:89,0
DA:90,0
DA:100,0
DA:101,0
DA:105,0
DA:106,0
DA:108,0
DA:111,0
DA:112,0
FN:124,NftStreaming.claimSingle
FNDA:124,NftStreaming.claimSingle
DA:128,115
DA:130,114
DA:131,114
DA:132,114
DA:133,114
DA:136,114
FN:146,NftStreaming.claim
FNDA:118,NftStreaming.claim
DA:149,115
DA:150,115
DA:151,115
DA:152,115
DA:153,115
DA:154,115
DA:157,216
DA:159,216
DA:161,216
DA:163,215
DA:164,215
DA:165,213
DA:168,112
DA:170,112
DA:174,112
FN:181,NftStreaming.claimDelegated
FNDA:48,NftStreaming.claimDelegated
DA:187,45
DA:189,45
DA:190,44
DA:191,44
DA:192,44
DA:193,44
DA:194,111
DA:195,67
DA:196,67
DA:197,67
DA:198,67
DA:200,67
DA:207,44
DA:208,44
DA:210,44
DA:211,44
DA:212,66
DA:214,67
DA:215,67
DA:219,66
DA:220,66
DA:221,66
DA:224,66
DA:226,43
DA:228,43
FN:238,NftStreaming.claimViaModule
FNDA:20,NftStreaming.claimViaModule
DA:244,18
DA:248,17
DA:249,16
DA:253,16
DA:256,15
DA:258,15
DA:259,15
DA:260,16
DA:263,16
DA:265,15
DA:268,15
DA:270,15
FN:281,NftStreaming._updateLastClaimed
FNDA:411,NftStreaming._updateLastClaimed
DA:286,411
DA:289,411
DA:290,408
DA:295,406
DA:296,406
DA:305,406
DA:308,406
DA:309,406
DA:312,406
FN:313,NftStreaming._calculateClaimable
FNDA:411,NftStreaming._calculateClaimable
DA:317,411
DA:325,411
BRDA:325,16,0,37
BRDA:325,16,1,215
DA:328,374
DA:330,374
DA:333,374
FN:347,NftStreaming.updateDeadline
FNDA:30,NftStreaming.updateDeadline
DA:352,29
DA:353,29
DA:354,29
DA:356,27
DA:358,27
FN:360,NftStreaming.updateDepositor
FNDA:2,NftStreaming.updateDepositor
DA:361,1
DA:363,1
DA:364,1
FN:374,NftStreaming.updateModule
FNDA:22,NftStreaming.updateModule
DA:377,21
DA:378,21
FN:384,NftStreaming.updateOperator
FNDA:2,NftStreaming.updateOperator
DA:386,1
DA:388,1
FN:395,NftStreaming.pauseStreams
FNDA:10,NftStreaming.pauseStreams
DA:398,10
DA:400,9
BRDA:400,18,0,9
DA:403,9
DA:404,9
DA:408,9
DA:410,27
DA:411,27
DA:412,9
FN:418,NftStreaming.unpauseStreams
FNDA:5,NftStreaming.unpauseStreams
DA:420,4
DA:423,4
DA:425,4
DA:427,16
DA:430,12
DA:434,4
FN:450,NftStreaming.deposit
FNDA:113,NftStreaming.deposit
DA:454,113
DA:456,109
DA:459,108
DA:460,108
FN:465,NftStreaming.withdraw
FNDA:4,NftStreaming.withdraw
DA:467,4
DA:470,3
DA:474,2
DA:480,1
DA:482,1
DA:483,1
FN:491,NftStreaming.pause
FNDA:13,NftStreaming.pause
DA:496,13
BRDA:496,26,0,12
DA:501,12
FN:503,NftStreaming.unpause
FNDA:4,NftStreaming.unpause
DA:506,2
FN:524,NftStreaming.freeze
FNDA:5,NftStreaming.freeze
DA:529,5
DA:530,4
FN:536,NftStreaming.emergencyExit
FNDA:2,NftStreaming.emergencyExit
DA:537,2
DA:539,1
DA:540,1
DA:542,1
FN:551,NftStreaming.whenStartedAndBeforeDeadline
FNDA:48,NftStreaming.whenStartedAndBeforeDeadline
DA:552,48
DA:555,46
DA:557,3
BRDA:557,31,0,3
BRDA:557,32,0,1
DA:559,1
FN:572,NftStreaming.claimable
FNDA:5,NftStreaming.claimable
DA:574,5
DA:576,5
DA:583,5
DA:586,5
DA:588,5
FNF:21
FNH:20
LF:139
LH:126
BRF:6
BRH:6
end_of_record
TN:
SF:test/MockModuleContract.sol
FN:10,MockModuleContract.
FNDA:0,MockModuleContract.
DA:13,0
FN:14,MockModuleContract.lock
FNDA:33,MockModuleContract.lock
DA:18,33
DA:20,33
BRDA:20,0,0,-
BRDA:20,0,1,33
DA:21,33
DA:23,66
DA:24,33
DA:25,33
BRDA:25,1,0,-
BRDA:25,1,1,33
DA:28,33
DA:31,33
FN:32,MockModuleContract.unlock
FNDA:10,MockModuleContract.unlock
DA:36,10
DA:38,10
BRDA:38,2,0,-
BRDA:38,2,1,10
DA:39,10
DA:41,10
DA:42,10
BRDA:42,3,0,-
BRDA:42,3,1,10
DA:46,10
DA:47,10
FN:50,MockModuleContract.streamingOwnerCheck
FNDA:16,MockModuleContract.streamingOwnerCheck
DA:54,16
BRDA:54,4,0,-
BRDA:54,4,1,16
DA:56,16
DA:58,17
DA:59,17
DA:60,17
BRDA:60,5,0,1
BRDA:60,5,1,16
FNF:4
FNH:3
LF:21
LH:20
BRF:12
BRH:7
end_of_record
TN:
SF:test/MockNFT.sol
FN:6,MockNFT.
FNDA:0,MockNFT.
FN:8,MockNFT.mint
FNDA:404,MockNFT.mint
DA:10,404
FNF:2
FNH:1
LF:1
LH:1
BRF:0
BRH:0
end_of_record
TN:
SF:test/NftStreaming.t.sol
FN:39,StateDeploy.setUp
FNDA:52,StateDeploy.setUp
DA:42,52
DA:45,52
DA:47,52
DA:48,52
DA:49,52
DA:50,52
DA:51,52
DA:53,52
DA:55,52
DA:57,52
DA:59,52
DA:60,52
DA:62,52
DA:64,52
DA:68,52
DA:70,52
DA:72,52
DA:73,52
DA:75,52
DA:79,52
FN:175,StateDeposited.setUp
FNDA:46,StateDeposited.setUp
DA:177,46
DA:181,46
DA:182,46
FN:216,StateStreamingStarted.setUp
FNDA:43,StateStreamingStarted.setUp
DA:219,43
DA:221,43
FN:253,StateT03.setUp
FNDA:41,StateT03.setUp
DA:255,41
DA:256,41
FN:400,StateT05.setUp
FNDA:35,StateT05.setUp
DA:400,35
DA:401,35
DA:405,35
DA:407,35
DA:409,35
DA:410,35
DA:414,35
DA:417,35
DA:420,35
FN:506,StateStreamEnded.setUp
FNDA:31,StateStreamEnded.setUp
DA:507,31
DA:509,31
DA:511,31
DA:515,31
DA:516,31
DA:517,31
DA:518,31
DA:520,31
DA:525,31
DA:528,31
FN:615,StateStreamEndedPlusTwoDays.setUp
FNDA:27,StateStreamEndedPlusTwoDays.setUp
DA:615,27
DA:616,27
FN:751,StateBeforeDeadline.setUp
FNDA:19,StateBeforeDeadline.setUp
DA:752,19
DA:754,19
FN:836,StateAfterDeadline.setUp
FNDA:17,StateAfterDeadline.setUp
DA:838,17
DA:839,17
FN:910,StatePaused.setUp
FNDA:10,StatePaused.setUp
DA:911,10
DA:912,10
FN:991,StateFrozen.setUp
FNDA:3,StateFrozen.setUp
DA:994,3
DA:995,3
DA:996,3
FNF:11
FNH:11
LF:57
LH:57
BRF:0
BRH:0
end_of_record
TN:
SF:test/NftStreamingClaimDelegated.t.sol
FN:25,ForkMainnet.setUp
FNDA:24,ForkMainnet.setUp
DA:28,24
DA:33,24
DA:36,24
FN:108,SimulateUsersAndDelegations.setUp
FNDA:21,SimulateUsersAndDelegations.setUp
DA:109,21
DA:111,21
DA:113,21
DA:116,21
DA:118,21
DA:119,21
DA:122,21
DA:123,21
DA:126,21
DA:127,21
DA:128,21
DA:129,21
DA:131,21
DA:132,21
DA:133,21
DA:135,21
DA:136,21
DA:137,21
DA:140,21
DA:143,21
DA:145,21
DA:146,21
DA:149,21
DA:150,21
DA:152,21
DA:154,21
FN:208,StateDeploy.setUp
FNDA:19,StateDeploy.setUp
DA:209,19
DA:212,19
DA:213,19
DA:216,19
DA:218,19
DA:221,19
DA:222,19
DA:225,19
DA:226,19
DA:227,19
DA:229,19
DA:238,19
DA:240,19
FN:286,StateDeposited.setUp
FNDA:16,StateDeposited.setUp
DA:289,16
DA:291,16
DA:292,16
DA:293,16
FN:317,StateStreamingStarted.setUp
FNDA:15,StateStreamingStarted.setUp
DA:319,15
DA:320,15
FN:344,StateT03.setUp
FNDA:14,StateT03.setUp
DA:346,14
DA:347,14
FN:546,StateT05.setUp
FNDA:9,StateT05.setUp
DA:547,9
DA:549,9
DA:551,9
DA:552,9
DA:555,9
DA:556,9
DA:557,9
DA:564,9
DA:567,9
FN:676,StateStreamEnded.setUp
FNDA:7,StateStreamEnded.setUp
DA:677,7
DA:679,7
DA:680,7
DA:682,7
DA:684,7
DA:685,7
DA:688,7
DA:689,7
DA:694,7
FN:807,StateStreamEndedPlusTwoDays.setUp
FNDA:5,StateStreamEndedPlusTwoDays.setUp
DA:807,5
DA:808,5
FN:914,StateBeforeDeadline.setUp
FNDA:3,StateBeforeDeadline.setUp
DA:917,3
FN:1025,StateAfterDeadline.setUp
FNDA:1,StateAfterDeadline.setUp
DA:1026,1
DA:1027,1
FNF:11
FNH:11
LF:73
LH:73
BRF:0
BRH:0
end_of_record
TN:
SF:test/NftStreamingClaimModule.t.sol
FN:42,StateDeploy.setUp
FNDA:26,StateDeploy.setUp
DA:45,26
DA:48,26
DA:50,26
DA:51,26
DA:52,26
DA:53,26
DA:54,26
DA:56,26
DA:57,26
DA:58,26
DA:60,26
DA:62,26
DA:65,26
DA:67,26
DA:71,26
DA:73,26
DA:75,26
DA:77,26
DA:78,26
DA:80,26
DA:83,26
DA:84,26
DA:87,26
DA:88,26
DA:90,26
DA:91,26
FN:128,StateDeposited.setUp
FNDA:23,StateDeposited.setUp
DA:129,23
DA:133,23
DA:135,23
FN:175,StateStreamingStarted.setUp
FNDA:20,StateStreamingStarted.setUp
DA:177,20
DA:182,20
DA:183,20
DA:185,20
DA:190,20
FN:204,StateT03.setUp
FNDA:19,StateT03.setUp
DA:206,19
DA:212,19
DA:213,19
DA:215,19
DA:218,19
FN:322,StateT05.setUp
FNDA:14,StateT05.setUp
DA:323,14
DA:324,14
DA:326,14
DA:327,14
DA:332,14
DA:333,14
DA:335,14
DA:339,14
DA:343,14
DA:344,14
DA:345,14
DA:346,14
DA:347,14
DA:350,14
FN:508,StateStreamEnded.setUp
FNDA:10,StateStreamEnded.setUp
DA:509,10
DA:511,10
DA:514,10
DA:517,10
DA:518,10
DA:523,10
DA:525,10
DA:526,10
DA:528,10
DA:530,10
DA:533,10
DA:534,10
DA:535,10
FN:646,StateStreamEndedPlusTwoDays.setUp
FNDA:7,StateStreamEndedPlusTwoDays.setUp
DA:646,7
FN:754,StateBeforeDeadline.setUp
FNDA:4,StateBeforeDeadline.setUp
DA:756,4
DA:757,4
FN:863,StateAfterDeadline.setUp
FNDA:1,StateAfterDeadline.setUp
DA:865,1
DA:867,1
FNF:9
FNH:9
LF:71
LH:71
BRF:0
BRH:0
end_of_record
TN:
SF:test/NftStreamingLive.t.sol
FN:39,StateDeploy.setUp
FNDA:8,StateDeploy.setUp
DA:42,8
DA:45,8
DA:47,8
DA:48,8
DA:49,8
DA:50,8
DA:51,8
DA:56,8
DA:58,8
DA:59,8
DA:61,8
DA:64,8
DA:66,8
DA:70,8
DA:72,8
DA:74,8
DA:75,8
DA:77,8
DA:80,8
DA:81,8
FN:119,StateDeposited.setUp
FNDA:5,StateDeposited.setUp
DA:121,5
DA:124,5
DA:126,5
FN:146,StateStreamingStarted.setUp
FNDA:4,StateStreamingStarted.setUp
DA:149,4
DA:153,4
FN:170,StateStartTimePlusOne.setUp
FNDA:3,StateStartTimePlusOne.setUp
DA:176,3
FN:249,StateStreamEnded.setUp
FNDA:1,StateStreamEnded.setUp
DA:250,1
DA:252,1
FNF:5
FNH:5
LF:28
LH:28
BRF:0
BRH:0
end_of_record
TN:
SF:test/NftStreamingPausingStreams.t.sol
FN:39,StateDeploy.setUp
FNDA:15,StateDeploy.setUp
DA:42,15
DA:45,15
DA:47,15
DA:48,15
DA:49,15
DA:50,15
DA:51,15
DA:53,15
DA:55,15
DA:57,15
DA:59,15
DA:60,15
DA:62,15
DA:64,15
DA:68,15
DA:70,15
DA:72,15
DA:73,15
DA:75,15
DA:79,15
FN:101,StateDeposited.setUp
FNDA:13,StateDeposited.setUp
DA:106,13
DA:108,13
FN:126,StateStreamingStarted.setUp
FNDA:12,StateStreamingStarted.setUp
DA:130,12
DA:132,12
FN:149,StateT03.setUp
FNDA:11,StateT03.setUp
DA:156,11
FN:254,StateT05.setUp
FNDA:7,StateT05.setUp
DA:254,7
DA:256,7
DA:257,7
DA:262,7
DA:263,7
DA:265,7
DA:266,7
DA:268,7
DA:272,7
DA:275,7
DA:276,7
DA:277,7
DA:279,7
DA:280,7
DA:284,7
FN:372,StateStreamEnded.setUp
FNDA:3,StateStreamEnded.setUp
DA:374,3
DA:375,3
DA:377,3
DA:386,3
DA:388,3
DA:389,3
DA:391,3
DA:392,3
DA:393,3
DA:399,3
FNF:6
FNH:6
LF:50
LH:50
BRF:0
BRH:0
end_of_record
