TN:
SF:script/DeployMainnet.s.sol
FN:9,DeployMainnet.setUp
FNDA:0,DeployMainnet.setUp
FN:11,DeployMainnet.run
FNDA:0,DeployMainnet.run
DA:14,0
DA:15,0
DA:17,0
DA:19,0
DA:20,0
DA:21,0
DA:23,0
DA:24,0
DA:25,0
DA:29,0
DA:31,0
DA:32,0
DA:36,0
FNF:2
FNH:0
LF:13
LH:0
BRF:0
BRH:0
end_of_record
TN:
SF:script/DeployTestnet.s.sol
FN:14,DeployTestnet.setUp
FNDA:0,DeployTestnet.setUp
FN:16,DeployTestnet.run
FNDA:0,DeployTestnet.run
DA:18,0
DA:20,0
DA:21,0
DA:23,0
DA:25,0
DA:26,0
DA:28,0
DA:29,0
DA:30,0
DA:32,0
DA:35,0
DA:36,0
DA:37,0
DA:38,0
DA:41,0
DA:42,0
DA:47,0
DA:50,0
DA:51,0
DA:52,0
FN:81,PoorMansBundle.
FNDA:0,PoorMansBundle.
DA:82,0
DA:84,0
DA:86,0
DA:91,0
FN:94,BatchDeploy.setUp
FNDA:0,BatchDeploy.setUp
FN:94,BatchDeploy.run
FNDA:0,BatchDeploy.run
DA:99,0
DA:100,0
DA:104,0
DA:106,0
DA:107,0
DA:115,0
FNF:5
FNH:0
LF:30
LH:0
BRF:0
BRH:0
end_of_record
TN:
SF:src/NftStreaming.sol
FN:80,NftStreaming.
FNDA:138,NftStreaming.
DA:83,138
BRDA:83,0,0,1
DA:85,137
DA:86,1
BRDA:86,1,0,1
DA:87,1
BRDA:87,2,0,1
DA:88,135
DA:90,135
DA:91,135
DA:92,1
BRDA:92,3,0,1
DA:101,134
DA:102,134
DA:105,134
DA:106,134
DA:107,134
DA:109,134
DA:112,134
DA:114,134
FN:125,NftStreaming.claimSingle
FNDA:126,NftStreaming.claimSingle
DA:129,117
BRDA:129,4,0,1
DA:131,116
DA:132,116
DA:133,115
DA:134,115
DA:137,115
FN:147,NftStreaming.claim
FNDA:120,NftStreaming.claim
DA:150,117
DA:151,117
BRDA:151,5,0,1
DA:153,116
DA:154,116
DA:155,116
DA:158,218
DA:160,218
DA:162,218
BRDA:162,6,0,1
DA:164,217
DA:165,217
DA:166,215
DA:169,113
DA:171,113
DA:175,113
FN:186,NftStreaming.claimDelegated
FNDA:57,NftStreaming.claimDelegated
DA:188,54
DA:190,54
BRDA:190,7,0,1
DA:191,53
DA:192,53
DA:193,53
DA:194,53
DA:195,150
DA:196,97
DA:197,97
DA:198,97
DA:199,97
DA:201,97
DA:208,53
DA:209,53
DA:212,53
DA:213,53
BRDA:213,8,0,1
DA:216,52
DA:217,52
DA:219,52
DA:220,52
DA:223,96
DA:224,96
DA:226,96
BRDA:226,9,0,1
DA:230,95
DA:231,95
DA:232,95
DA:235,95
BRDA:235,10,0,51
BRDA:235,10,1,17
DA:236,51
DA:241,44
DA:242,27
BRDA:242,11,0,27
BRDA:241,11,1,17
DA:244,27
DA:250,17
DA:254,17
DA:257,51
BRDA:257,12,0,51
DA:260,51
DA:262,51
FN:275,NftStreaming.claimViaModule
FNDA:21,NftStreaming.claimViaModule
DA:280,19
DA:281,1
BRDA:281,13,0,1
DA:285,18
BRDA:285,14,0,1
DA:286,17
BRDA:286,15,0,1
DA:289,16
DA:292,15
DA:293,15
DA:295,15
DA:296,16
DA:297,16
DA:299,16
DA:300,16
DA:302,15
DA:304,15
DA:306,15
FN:318,NftStreaming._updateLastClaimed
FNDA:444,NftStreaming._updateLastClaimed
DA:322,444
DA:324,444
DA:326,441
DA:329,2
BRDA:329,18,0,2
DA:331,439
DA:333,439
DA:342,439
DA:345,439
BRDA:345,19,0,1
DA:346,438
DA:349,438
FN:349,NftStreaming._calculateClaimable
FNDA:444,NftStreaming._calculateClaimable
DA:353,444
DA:354,444
DA:360,444
DA:362,37
BRDA:362,20,0,37
BRDA:359,20,1,242
DA:364,407
DA:365,407
DA:367,407
DA:368,407
DA:370,407
FN:380,NftStreaming.updateDeadline
FNDA:30,NftStreaming.updateDeadline
DA:389,29
DA:391,29
BRDA:391,21,0,2
DA:393,27
FN:397,NftStreaming.updateDepositor
FNDA:2,NftStreaming.updateDepositor
DA:398,1
DA:400,1
FN:409,NftStreaming.updateModule
FNDA:23,NftStreaming.updateModule
DA:412,22
DA:414,22
FN:420,NftStreaming.updateOperator
FNDA:2,NftStreaming.updateOperator
DA:422,1
DA:423,1
FN:432,NftStreaming.pauseStreams
FNDA:12,NftStreaming.pauseStreams
DA:435,12
BRDA:435,22,0,10
DA:438,11
DA:440,11
BRDA:440,23,0,1
DA:444,10
DA:445,30
DA:447,30
DA:449,10
FN:451,NftStreaming.unpauseStreams
FNDA:6,NftStreaming.unpauseStreams
DA:457,5
DA:458,5
DA:459,1
BRDA:459,24,0,1
DA:461,4
DA:462,16
DA:464,12
DA:465,12
DA:470,4
FN:486,NftStreaming.deposit
FNDA:123,NftStreaming.deposit
DA:491,123
BRDA:491,25,0,4
DA:492,119
DA:493,1
BRDA:493,26,0,1
DA:496,118
FN:501,NftStreaming.withdraw
FNDA:4,NftStreaming.withdraw
DA:502,4
DA:504,1
BRDA:504,27,0,1
DA:505,3
DA:507,1
BRDA:507,28,0,1
DA:511,2
BRDA:511,29,0,1
DA:516,1
DA:517,1
DA:519,1
FN:528,NftStreaming.pause
FNDA:13,NftStreaming.pause
DA:531,13
BRDA:531,30,0,12
DA:533,12
FN:539,NftStreaming.unpause
FNDA:4,NftStreaming.unpause
DA:540,2
BRDA:540,31,0,1
DA:543,1
FN:560,NftStreaming.freeze
FNDA:5,NftStreaming.freeze
DA:561,5
DA:563,1
BRDA:563,32,0,1
DA:566,4
FN:572,NftStreaming.emergencyExit
FNDA:2,NftStreaming.emergencyExit
DA:574,2
BRDA:574,33,0,1
DA:576,1
DA:577,1
FN:588,NftStreaming.whenStartedAndBeforeDeadline
FNDA:57,NftStreaming.whenStartedAndBeforeDeadline
DA:589,57
BRDA:589,34,0,2
DA:592,55
BRDA:592,35,0,3
DA:594,1
BRDA:594,36,0,1
FN:607,NftStreaming.claimable
FNDA:5,NftStreaming.claimable
DA:611,5
DA:613,5
DA:615,5
DA:623,5
DA:624,5
FNF:21
FNH:21
LF:160
LH:160
BRF:38
BRH:38
end_of_record
TN:
SF:test/MockModuleContract.sol
FN:10,MockModuleContract.
FNDA:27,MockModuleContract.
DA:13,27
FN:14,MockModuleContract.lock
FNDA:34,MockModuleContract.lock
DA:18,34
DA:20,34
BRDA:20,0,0,-
BRDA:20,0,1,34
DA:21,34
DA:23,68
DA:24,34
DA:25,34
BRDA:25,1,0,-
BRDA:25,1,1,34
DA:28,34
DA:31,34
FN:32,MockModuleContract.unlock
FNDA:10,MockModuleContract.unlock
DA:36,10
DA:38,10
BRDA:38,2,0,-
BRDA:38,2,1,10
DA:39,10
DA:41,10
DA:42,10
BRDA:42,3,0,-
BRDA:42,3,1,10
DA:46,10
DA:47,10
FN:50,MockModuleContract.streamingOwnerCheck
FNDA:16,MockModuleContract.streamingOwnerCheck
DA:54,16
BRDA:54,4,0,-
BRDA:54,4,1,16
DA:56,16
DA:58,17
DA:59,17
DA:60,17
BRDA:60,5,0,1
BRDA:60,5,1,16
FNF:4
FNH:4
LF:21
LH:21
BRF:12
BRH:7
end_of_record
TN:
SF:test/MockNFT.sol
FN:6,MockNFT.
FNDA:114,MockNFT.
FN:8,MockNFT.mint
FNDA:440,MockNFT.mint
DA:10,440
FNF:2
FNH:2
LF:1
LH:1
BRF:0
BRH:0
end_of_record
TN:
SF:test/NftStreaming.t.sol
FN:39,StateDeploy.setUp
FNDA:58,StateDeploy.setUp
DA:42,58
DA:45,58
DA:47,58
DA:48,58
DA:49,58
DA:50,58
DA:51,58
DA:53,58
DA:55,58
DA:57,58
DA:59,58
DA:60,58
DA:62,58
DA:64,58
DA:68,58
DA:70,58
DA:72,58
DA:73,58
DA:75,58
DA:79,58
FN:249,StateDeposited.setUp
FNDA:48,StateDeposited.setUp
DA:251,48
DA:252,48
DA:253,48
DA:254,48
FN:292,StateStreamingStarted.setUp
FNDA:45,StateStreamingStarted.setUp
DA:293,45
DA:295,45
FN:327,StateT03.setUp
FNDA:43,StateT03.setUp
DA:329,43
DA:330,43
FN:500,StateT05.setUp
FNDA:35,StateT05.setUp
DA:501,35
DA:504,35
DA:505,35
DA:509,35
DA:511,35
DA:518,35
DA:520,35
FN:606,StateStreamEnded.setUp
FNDA:31,StateStreamEnded.setUp
DA:607,31
DA:610,31
DA:611,31
DA:615,31
DA:619,31
DA:620,31
DA:622,31
DA:624,31
FN:715,StateStreamEndedPlusTwoDays.setUp
FNDA:27,StateStreamEndedPlusTwoDays.setUp
DA:718,27
FN:851,StateBeforeDeadline.setUp
FNDA:19,StateBeforeDeadline.setUp
DA:854,19
DA:855,19
FN:939,StateAfterDeadline.setUp
FNDA:17,StateAfterDeadline.setUp
DA:940,17
FN:1010,StatePaused.setUp
FNDA:10,StatePaused.setUp
DA:1012,10
DA:1014,10
FN:1092,StateFrozen.setUp
FNDA:3,StateFrozen.setUp
DA:1092,3
DA:1095,3
FNF:11
FNH:11
LF:51
LH:51
BRF:0
BRH:0
end_of_record
TN:
SF:test/NftStreamingClaimDelegated.t.sol
FN:25,ForkMainnet.setUp
FNDA:29,ForkMainnet.setUp
DA:28,29
DA:33,29
DA:36,29
FN:108,SimulateUsersAndDelegations.setUp
FNDA:26,SimulateUsersAndDelegations.setUp
DA:109,26
DA:111,26
DA:113,26
DA:116,26
DA:118,26
DA:119,26
DA:122,26
DA:123,26
DA:126,26
DA:127,26
DA:128,26
DA:129,26
DA:131,26
DA:132,26
DA:133,26
DA:135,26
DA:136,26
DA:137,26
DA:140,26
DA:145,26
DA:146,26
DA:148,26
DA:149,26
DA:150,26
DA:153,26
FN:216,StateDeploy.setUp
FNDA:24,StateDeploy.setUp
DA:218,24
DA:220,24
DA:223,24
DA:225,24
DA:229,24
DA:230,24
DA:232,24
DA:233,24
DA:235,24
DA:237,24
DA:238,24
DA:240,24
DA:249,24
DA:251,24
FN:297,StateDeposited.setUp
FNDA:21,StateDeposited.setUp
DA:300,21
DA:303,21
FN:328,StateStreamingStarted.setUp
FNDA:20,StateStreamingStarted.setUp
DA:329,20
DA:331,20
FN:355,StateT03.setUp
FNDA:19,StateT03.setUp
DA:356,19
DA:358,19
FN:707,StateT05.setUp
FNDA:11,StateT05.setUp
DA:708,11
DA:710,11
DA:711,11
DA:713,11
DA:715,11
DA:716,11
DA:719,11
DA:721,11
DA:727,11
FN:973,StateStreamEnded.setUp
FNDA:7,StateStreamEnded.setUp
DA:973,7
DA:975,7
DA:976,7
DA:977,7
DA:979,7
DA:981,7
DA:982,7
DA:984,7
DA:986,7
FN:1101,StateStreamEndedPlusTwoDays.setUp
FNDA:5,StateStreamEndedPlusTwoDays.setUp
DA:1102,5
DA:1104,5
FN:1209,StateBeforeDeadline.setUp
FNDA:3,StateBeforeDeadline.setUp
DA:1209,3
DA:1211,3
DA:1212,3
FN:1318,StateAfterDeadline.setUp
FNDA:1,StateAfterDeadline.setUp
DA:1318,1
DA:1320,1
FNF:11
FNH:11
LF:73
LH:73
BRF:0
BRH:0
end_of_record
TN:
SF:test/NftStreamingClaimModule.t.sol
FN:42,StateDeploy.setUp
FNDA:27,StateDeploy.setUp
DA:45,27
DA:48,27
DA:50,27
DA:51,27
DA:52,27
DA:53,27
DA:54,27
DA:56,27
DA:57,27
DA:58,27
DA:60,27
DA:62,27
DA:65,27
DA:67,27
DA:71,27
DA:73,27
DA:75,27
DA:77,27
DA:78,27
DA:80,27
DA:83,27
DA:84,27
DA:87,27
DA:88,27
DA:90,27
DA:91,27
FN:128,StateDeposited.setUp
FNDA:24,StateDeposited.setUp
DA:129,24
DA:133,24
DA:135,24
FN:175,StateStreamingStarted.setUp
FNDA:21,StateStreamingStarted.setUp
DA:177,21
DA:182,21
DA:183,21
DA:185,21
DA:190,21
FN:204,StateT03.setUp
FNDA:20,StateT03.setUp
DA:206,20
DA:212,20
DA:213,20
DA:215,20
DA:218,20
FN:332,StateT05.setUp
FNDA:14,StateT05.setUp
DA:332,14
DA:333,14
DA:336,14
DA:337,14
DA:342,14
DA:343,14
DA:344,14
DA:348,14
DA:353,14
DA:354,14
DA:355,14
DA:356,14
DA:360,14
FN:518,StateStreamEnded.setUp
FNDA:10,StateStreamEnded.setUp
DA:519,10
DA:521,10
DA:524,10
DA:527,10
DA:528,10
DA:533,10
DA:535,10
DA:536,10
DA:538,10
DA:540,10
DA:543,10
DA:544,10
DA:545,10
FN:656,StateStreamEndedPlusTwoDays.setUp
FNDA:7,StateStreamEndedPlusTwoDays.setUp
DA:656,7
FN:764,StateBeforeDeadline.setUp
FNDA:4,StateBeforeDeadline.setUp
DA:766,4
DA:767,4
FN:873,StateAfterDeadline.setUp
FNDA:1,StateAfterDeadline.setUp
DA:875,1
DA:876,1
FNF:9
FNH:9
LF:70
LH:70
BRF:0
BRH:0
end_of_record
TN:
SF:test/NftStreamingLive.t.sol
FN:39,StateDeploy.setUp
FNDA:8,StateDeploy.setUp
DA:42,8
DA:45,8
DA:47,8
DA:48,8
DA:49,8
DA:50,8
DA:51,8
DA:56,8
DA:58,8
DA:59,8
DA:61,8
DA:64,8
DA:66,8
DA:70,8
DA:72,8
DA:74,8
DA:75,8
DA:77,8
DA:80,8
DA:81,8
FN:119,StateDeposited.setUp
FNDA:5,StateDeposited.setUp
DA:121,5
DA:124,5
DA:126,5
FN:146,StateStreamingStarted.setUp
FNDA:4,StateStreamingStarted.setUp
DA:149,4
DA:153,4
FN:170,StateStartTimePlusOne.setUp
FNDA:3,StateStartTimePlusOne.setUp
DA:176,3
FN:249,StateStreamEnded.setUp
FNDA:1,StateStreamEnded.setUp
DA:250,1
DA:252,1
FNF:5
FNH:5
LF:28
LH:28
BRF:0
BRH:0
end_of_record
TN:
SF:test/NftStreamingPausingStreams.t.sol
FN:39,StateDeploy.setUp
FNDA:17,StateDeploy.setUp
DA:42,17
DA:45,17
DA:47,17
DA:48,17
DA:49,17
DA:50,17
DA:51,17
DA:53,17
DA:55,17
DA:57,17
DA:59,17
DA:60,17
DA:62,17
DA:64,17
DA:68,17
DA:70,17
DA:72,17
DA:73,17
DA:75,17
DA:79,17
FN:101,StateDeposited.setUp
FNDA:15,StateDeposited.setUp
DA:106,15
DA:108,15
FN:126,StateStreamingStarted.setUp
FNDA:14,StateStreamingStarted.setUp
DA:130,14
DA:132,14
FN:149,StateT03.setUp
FNDA:13,StateT03.setUp
DA:156,13
FN:265,StateT05.setUp
FNDA:8,StateT05.setUp
DA:265,8
DA:267,8
DA:272,8
DA:273,8
DA:274,8
DA:276,8
DA:277,8
DA:279,8
DA:283,8
DA:286,8
DA:287,8
DA:288,8
DA:290,8
DA:291,8
DA:295,8
FN:392,StateStreamEnded.setUp
FNDA:3,StateStreamEnded.setUp
DA:393,3
DA:396,3
DA:398,3
DA:406,3
DA:407,3
DA:409,3
DA:412,3
DA:413,3
DA:417,3
FNF:6
FNH:6
LF:49
LH:49
BRF:0
BRH:0
end_of_record
